<?xml version="1.0" encoding="UTF-8"?>
<testsuite xmlns:xsi="http://www.w3.org/2001/XMLSchema-instance" xsi:noNamespaceSchemaLocation="https://maven.apache.org/surefire/maven-surefire-plugin/xsd/surefire-test-report-3.0.xsd" version="3.0" name="com.example.SpringSecurity6.SpringSecurity6ApplicationTests" time="7.972" tests="1" errors="0" skipped="0" failures="0">
  <properties>
[...]
</properties>
  <testcase name="contextLoads" classname="com.example.SpringSecurity6.SpringSecurity6ApplicationTests" time="1.429">
    <system-out><![CDATA[02:02:51.851 [main] INFO org.springframework.test.context.support.AnnotationConfigContextLoaderUtils -- Could not detect default configuration classes for test class [com.example.SpringSecurity6.SpringSecurity6ApplicationTests]: SpringSecurity6ApplicationTests does not declare any static, non-private, non-final, nested classes annotated with @Configuration.
02:02:52.034 [main] INFO org.springframework.boot.test.context.SpringBootTestContextBootstrapper -- Found @SpringBootConfiguration com.example.SpringSecurity6.SpringSecurity6Application for test class com.example.SpringSecurity6.SpringSecurity6ApplicationTests

  .   ____          _            __ _ _
 /\\ / ___'_ __ _ _(_)_ __  __ _ \ \ \ \
( ( )\___ | '_ | '_| | '_ \/ _` | \ \ \ \
 \\/  ___)| |_)| | | | | || (_| |  ) ) ) )
  '  |____| .__|_| |_|_| |_\__, | / / / /
 =========|_|==============|___/=/_/_/_/

 :: Spring Boot ::                (v3.3.3)

2025-02-17T02:02:52.771+05:30  INFO 14820 --- [           main] c.e.S.SpringSecurity6ApplicationTests    : Starting SpringSecurity6ApplicationTests using Java 21.0.5 with PID 14820 (started by nares in C:\Users\nares\OneDrive\Desktop\Jwt-implementation)
2025-02-17T02:02:52.772+05:30  INFO 14820 --- [           main] c.e.S.SpringSecurity6ApplicationTests    : No active profile set, falling back to 1 default profile: "default"
2025-02-17T02:02:54.127+05:30  INFO 14820 --- [           main] .s.d.r.c.RepositoryConfigurationDelegate : Bootstrapping Spring Data MongoDB repositories in DEFAULT mode.
2025-02-17T02:02:54.255+05:30  INFO 14820 --- [           main] .s.d.r.c.RepositoryConfigurationDelegate : Finished Spring Data repository scanning in 120 ms. Found 4 MongoDB repository interfaces.
2025-02-17T02:02:55.476+05:30  INFO 14820 --- [           main] org.mongodb.driver.client                : MongoClient with metadata {"application": {"name": "Cluster0"}, "driver": {"name": "mongo-java-driver|sync|spring-boot", "version": "5.0.1"}, "os": {"type": "Windows", "name": "Windows 11", "architecture": "amd64", "version": "10.0"}, "platform": "Java/Eclipse Adoptium/21.0.5+11-LTS"} created with settings MongoClientSettings{readPreference=primary, writeConcern=WriteConcern{w=majority, wTimeout=null ms, journal=null}, retryWrites=true, retryReads=true, readConcern=ReadConcern{level=null}, credential=MongoCredential{mechanism=null, userName='naresh', source='admin', password=<hidden>, mechanismProperties=<hidden>}, transportSettings=null, commandListeners=[], codecRegistry=ProvidersCodecRegistry{codecProviders=[ValueCodecProvider{}, BsonValueCodecProvider{}, DBRefCodecProvider{}, DBObjectCodecProvider{}, DocumentCodecProvider{}, CollectionCodecProvider{}, IterableCodecProvider{}, MapCodecProvider{}, GeoJsonCodecProvider{}, GridFSFileCodecProvider{}, Jsr310CodecProvider{}, JsonObjectCodecProvider{}, BsonCodecProvider{}, EnumCodecProvider{}, com.mongodb.client.model.mql.ExpressionCodecProvider@33feda48, com.mongodb.Jep395RecordCodecProvider@6588b715, com.mongodb.KotlinCodecProvider@15a3b42]}, loggerSettings=LoggerSettings{maxDocumentLength=1000}, clusterSettings={hosts=[127.0.0.1:27017], srvHost=cluster0.v6bbz.mongodb.net, srvServiceName=mongodb, mode=MULTIPLE, requiredClusterType=REPLICA_SET, requiredReplicaSetName='atlas-ofco1x-shard-0', serverSelector='null', clusterListeners='[]', serverSelectionTimeout='30000 ms', localThreshold='15 ms'}, socketSettings=SocketSettings{connectTimeoutMS=10000, readTimeoutMS=0, receiveBufferSize=0, proxySettings=ProxySettings{host=null, port=null, username=null, password=null}}, heartbeatSocketSettings=SocketSettings{connectTimeoutMS=10000, readTimeoutMS=10000, receiveBufferSize=0, proxySettings=ProxySettings{host=null, port=null, username=null, password=null}}, connectionPoolSettings=ConnectionPoolSettings{maxSize=100, minSize=0, maxWaitTimeMS=120000, maxConnectionLifeTimeMS=0, maxConnectionIdleTimeMS=0, maintenanceInitialDelayMS=0, maintenanceFrequencyMS=60000, connectionPoolListeners=[], maxConnecting=2}, serverSettings=ServerSettings{heartbeatFrequencyMS=10000, minHeartbeatFrequencyMS=500, serverListeners='[]', serverMonitorListeners='[]'}, sslSettings=SslSettings{enabled=true, invalidHostNameAllowed=false, context=null}, applicationName='Cluster0', compressorList=[], uuidRepresentation=JAVA_LEGACY, serverApi=null, autoEncryptionSettings=null, dnsClient=null, inetAddressResolver=null, contextProvider=null}
2025-02-17T02:02:55.499+05:30  INFO 14820 --- [bbz.mongodb.net] org.mongodb.driver.cluster               : Adding discovered server cluster0-shard-00-01.v6bbz.mongodb.net:27017 to client view of cluster
2025-02-17T02:02:55.558+05:30  INFO 14820 --- [bbz.mongodb.net] org.mongodb.driver.cluster               : Adding discovered server cluster0-shard-00-02.v6bbz.mongodb.net:27017 to client view of cluster
2025-02-17T02:02:55.567+05:30  INFO 14820 --- [bbz.mongodb.net] org.mongodb.driver.cluster               : Adding discovered server cluster0-shard-00-00.v6bbz.mongodb.net:27017 to client view of cluster
2025-02-17T02:02:56.585+05:30  INFO 14820 --- [ngodb.net:27017] org.mongodb.driver.cluster               : Monitor thread successfully connected to server with description ServerDescription{address=cluster0-shard-00-00.v6bbz.mongodb.net:27017, type=REPLICA_SET_SECONDARY, state=CONNECTED, ok=true, minWireVersion=0, maxWireVersion=25, maxDocumentSize=16777216, logicalSessionTimeoutMinutes=30, roundTripTimeNanos=620009100, setName='atlas-ofco1x-shard-0', canonicalAddress=cluster0-shard-00-00.v6bbz.mongodb.net:27017, hosts=[cluster0-shard-00-02.v6bbz.mongodb.net:27017, cluster0-shard-00-01.v6bbz.mongodb.net:27017, cluster0-shard-00-00.v6bbz.mongodb.net:27017], passives=[], arbiters=[], primary='cluster0-shard-00-02.v6bbz.mongodb.net:27017', tagSet=TagSet{[Tag{name='availabilityZone', value='aps1-az1'}, Tag{name='diskState', value='READY'}, Tag{name='nodeType', value='ELECTABLE'}, Tag{name='provider', value='AWS'}, Tag{name='region', value='AP_SOUTH_1'}, Tag{name='workloadType', value='OPERATIONAL'}]}, electionId=null, setVersion=127, topologyVersion=TopologyVersion{processId=67b220b8162cf0981127623d, counter=4}, lastWriteDate=Mon Feb 17 02:02:56 IST 2025, lastUpdateTimeNanos=230906171598300}
2025-02-17T02:02:56.585+05:30  INFO 14820 --- [ngodb.net:27017] org.mongodb.driver.cluster               : Monitor thread successfully connected to server with description ServerDescription{address=cluster0-shard-00-02.v6bbz.mongodb.net:27017, type=REPLICA_SET_PRIMARY, state=CONNECTED, ok=true, minWireVersion=0, maxWireVersion=25, maxDocumentSize=16777216, logicalSessionTimeoutMinutes=30, roundTripTimeNanos=622915400, setName='atlas-ofco1x-shard-0', canonicalAddress=cluster0-shard-00-02.v6bbz.mongodb.net:27017, hosts=[cluster0-shard-00-02.v6bbz.mongodb.net:27017, cluster0-shard-00-01.v6bbz.mongodb.net:27017, cluster0-shard-00-00.v6bbz.mongodb.net:27017], passives=[], arbiters=[], primary='cluster0-shard-00-02.v6bbz.mongodb.net:27017', tagSet=TagSet{[Tag{name='availabilityZone', value='aps1-az2'}, Tag{name='diskState', value='READY'}, Tag{name='nodeType', value='ELECTABLE'}, Tag{name='provider', value='AWS'}, Tag{name='region', value='AP_SOUTH_1'}, Tag{name='workloadType', value='OPERATIONAL'}]}, electionId=7fffffff000000000000016a, setVersion=127, topologyVersion=TopologyVersion{processId=67b21fc51b58fc568fc26685, counter=6}, lastWriteDate=Mon Feb 17 02:02:56 IST 2025, lastUpdateTimeNanos=230906171841700}
2025-02-17T02:02:56.585+05:30  INFO 14820 --- [ngodb.net:27017] org.mongodb.driver.cluster               : Monitor thread successfully connected to server with description ServerDescription{address=cluster0-shard-00-01.v6bbz.mongodb.net:27017, type=REPLICA_SET_SECONDARY, state=CONNECTED, ok=true, minWireVersion=0, maxWireVersion=25, maxDocumentSize=16777216, logicalSessionTimeoutMinutes=30, roundTripTimeNanos=627204400, setName='atlas-ofco1x-shard-0', canonicalAddress=cluster0-shard-00-01.v6bbz.mongodb.net:27017, hosts=[cluster0-shard-00-02.v6bbz.mongodb.net:27017, cluster0-shard-00-01.v6bbz.mongodb.net:27017, cluster0-shard-00-00.v6bbz.mongodb.net:27017], passives=[], arbiters=[], primary='cluster0-shard-00-02.v6bbz.mongodb.net:27017', tagSet=TagSet{[Tag{name='availabilityZone', value='aps1-az3'}, Tag{name='diskState', value='READY'}, Tag{name='nodeType', value='ELECTABLE'}, Tag{name='provider', value='AWS'}, Tag{name='region', value='AP_SOUTH_1'}, Tag{name='workloadType', value='OPERATIONAL'}]}, electionId=null, setVersion=127, topologyVersion=TopologyVersion{processId=67b221ffef95b82ff7ae0d30, counter=3}, lastWriteDate=Mon Feb 17 02:02:56 IST 2025, lastUpdateTimeNanos=230906171598200}
2025-02-17T02:02:56.591+05:30  INFO 14820 --- [ngodb.net:27017] org.mongodb.driver.cluster               : Discovered replica set primary cluster0-shard-00-02.v6bbz.mongodb.net:27017 with max election id 7fffffff000000000000016a and max set version 127
2025-02-17T02:02:56.762+05:30  INFO 14820 --- [           main] eAuthenticationProviderManagerConfigurer : Global AuthenticationManager configured with AuthenticationProvider bean with name authenticationProvider
2025-02-17T02:02:56.763+05:30  WARN 14820 --- [           main] r$InitializeUserDetailsManagerConfigurer : Global AuthenticationManager configured with an AuthenticationProvider bean. UserDetailsService beans will not be used for username/password login. Consider removing the AuthenticationProvider bean. Alternatively, consider using the UserDetailsService in a manually instantiated DaoAuthenticationProvider.
2025-02-17T02:02:57.990+05:30  INFO 14820 --- [           main] o.s.m.s.b.SimpleBrokerMessageHandler     : Starting...
2025-02-17T02:02:57.993+05:30  INFO 14820 --- [           main] o.s.m.s.b.SimpleBrokerMessageHandler     : BrokerAvailabilityEvent[available=true, SimpleBrokerMessageHandler [org.springframework.messaging.simp.broker.DefaultSubscriptionRegistry@2beee3e8]]
2025-02-17T02:02:57.994+05:30  INFO 14820 --- [           main] o.s.m.s.b.SimpleBrokerMessageHandler     : Started.
2025-02-17T02:02:58.004+05:30  INFO 14820 --- [           main] c.e.S.SpringSecurity6ApplicationTests    : Started SpringSecurity6ApplicationTests in 5.709 seconds (process running for 7.498)
]]></system-out>
    <system-err><![CDATA[WARNING: A Java agent has been loaded dynamically (C:\Users\nares\.m2\repository\net\bytebuddy\byte-buddy-agent\1.14.19\byte-buddy-agent-1.14.19.jar)
WARNING: If a serviceability tool is in use, please run with -XX:+EnableDynamicAgentLoading to hide this warning
WARNING: If a serviceability tool is not in use, please run with -Djdk.instrument.traceUsage for more information
WARNING: Dynamic loading of agents will be disallowed by default in a future release
]]></system-err>
  </testcase>
</testsuite>